
*** Running vivado
    with args -log SCPU_TOP.vds -m64 -product Vivado -mode batch -messageDb vivado.pb -notrace -source SCPU_TOP.tcl


ECHO 处于关闭状态。
ECHO 处于关闭状态。

****** Vivado v2023.1 (64-bit)
  **** SW Build 3865809 on Sun May  7 15:05:29 MDT 2023
  **** IP Build 3864474 on Sun May  7 20:36:21 MDT 2023
  **** SharedData Build 3865790 on Sun May 07 13:33:03 MDT 2023
    ** Copyright 1986-2022 Xilinx, Inc. All Rights Reserved.
    ** Copyright 2022-2023 Advanced Micro Devices, Inc. All Rights Reserved.

source SCPU_TOP.tcl -notrace
Command: read_checkpoint -auto_incremental -incremental C:/Users/32530/Desktop/fpga/lab5_1/lab5_1.srcs/utils_1/imports/synth_1/SCPU_TOP.dcp
INFO: [Vivado 12-5825] Read reference checkpoint from C:/Users/32530/Desktop/fpga/lab5_1/lab5_1.srcs/utils_1/imports/synth_1/SCPU_TOP.dcp for incremental synthesis
INFO: [Vivado 12-7989] Please ensure there are no constraint changes
Command: synth_design -top SCPU_TOP -part xc7a100tcsg324-1
Starting synth_design
Attempting to get a license for feature 'Synthesis' and/or device 'xc7a100t'
INFO: [Common 17-349] Got license for feature 'Synthesis' and/or device 'xc7a100t'
INFO: [Device 21-403] Loading part xc7a100tcsg324-1
INFO: [Designutils 20-5440] No compile time benefit to using incremental synthesis; A full resynthesis will be run
INFO: [Designutils 20-4379] Flow is switching to default flow due to incremental criteria not met. If you would like to alter this behaviour and have the flow terminate instead, please set the following parameter config_implementation {autoIncr.Synth.RejectBehavior Terminate}
INFO: [Synth 8-7079] Multithreading enabled for synth_design using a maximum of 2 processes.
INFO: [Synth 8-7078] Launching helper process for spawning children vivado processes
INFO: [Synth 8-7075] Helper process launched with PID 35260
WARNING: [Synth 8-10940] macro 'dm_halfword_unsigned' is redefined [C:/Users/32530/Desktop/fpga/lab5_1/lab5_1.srcs/sources_1/new/dm.v:24]
---------------------------------------------------------------------------------
Starting RTL Elaboration : Time (s): cpu = 00:00:03 ; elapsed = 00:00:03 . Memory (MB): peak = 1291.133 ; gain = 411.352
---------------------------------------------------------------------------------
INFO: [Synth 8-6157] synthesizing module 'SCPU_TOP' [C:/Users/32530/Desktop/fpga/lab5_1/lab5_1.srcs/sources_1/new/SCPU_TOP.v:23]
INFO: [Synth 8-6157] synthesizing module 'dist_mem_gen_0' [C:/Users/32530/Desktop/fpga/lab5_1/lab5_1.runs/synth_1/.Xil/Vivado-34364-BZA/realtime/dist_mem_gen_0_stub.v:6]
INFO: [Synth 8-6155] done synthesizing module 'dist_mem_gen_0' (0#1) [C:/Users/32530/Desktop/fpga/lab5_1/lab5_1.runs/synth_1/.Xil/Vivado-34364-BZA/realtime/dist_mem_gen_0_stub.v:6]
WARNING: [Synth 8-567] referenced signal 'instr' should be on the sensitivity list [C:/Users/32530/Desktop/fpga/lab5_1/lab5_1.srcs/sources_1/new/SCPU_TOP.v:164]
WARNING: [Synth 8-567] referenced signal 'reg_data' should be on the sensitivity list [C:/Users/32530/Desktop/fpga/lab5_1/lab5_1.srcs/sources_1/new/SCPU_TOP.v:164]
WARNING: [Synth 8-567] referenced signal 'alu_disp_data' should be on the sensitivity list [C:/Users/32530/Desktop/fpga/lab5_1/lab5_1.srcs/sources_1/new/SCPU_TOP.v:164]
WARNING: [Synth 8-567] referenced signal 'dmem_data' should be on the sensitivity list [C:/Users/32530/Desktop/fpga/lab5_1/lab5_1.srcs/sources_1/new/SCPU_TOP.v:164]
WARNING: [Synth 8-567] referenced signal 'led_disp_data' should be on the sensitivity list [C:/Users/32530/Desktop/fpga/lab5_1/lab5_1.srcs/sources_1/new/SCPU_TOP.v:164]
INFO: [Synth 8-6157] synthesizing module 'ctrl' [C:/Users/32530/Desktop/fpga/lab5_1/lab5_1.srcs/sources_1/new/ctrl.v:1]
INFO: [Synth 8-6155] done synthesizing module 'ctrl' (0#1) [C:/Users/32530/Desktop/fpga/lab5_1/lab5_1.srcs/sources_1/new/ctrl.v:1]
WARNING: [Synth 8-689] width (8) of port connection 'Zero' does not match port width (1) of module 'ctrl' [C:/Users/32530/Desktop/fpga/lab5_1/lab5_1.srcs/sources_1/new/SCPU_TOP.v:190]
INFO: [Synth 8-6157] synthesizing module 'EXT' [C:/Users/32530/Desktop/fpga/lab5_1/lab5_1.srcs/sources_1/new/EXT.v:23]
INFO: [Synth 8-6155] done synthesizing module 'EXT' (0#1) [C:/Users/32530/Desktop/fpga/lab5_1/lab5_1.srcs/sources_1/new/EXT.v:23]
INFO: [Synth 8-155] case statement is not full and has no default [C:/Users/32530/Desktop/fpga/lab5_1/lab5_1.srcs/sources_1/new/SCPU_TOP.v:216]
INFO: [Synth 8-6157] synthesizing module 'RF' [C:/Users/32530/Desktop/fpga/lab5_1/lab5_1.srcs/sources_1/new/RF.v:23]
INFO: [Synth 8-6155] done synthesizing module 'RF' (0#1) [C:/Users/32530/Desktop/fpga/lab5_1/lab5_1.srcs/sources_1/new/RF.v:23]
INFO: [Synth 8-6085] Hierarchical reference on 'rf' stops possible memory inference [C:/Users/32530/Desktop/fpga/lab5_1/lab5_1.srcs/sources_1/new/RF.v:33]
INFO: [Synth 8-6157] synthesizing module 'alu' [C:/Users/32530/Desktop/fpga/lab5_1/lab5_1.srcs/sources_1/new/alu.v:26]
INFO: [Synth 8-155] case statement is not full and has no default [C:/Users/32530/Desktop/fpga/lab5_1/lab5_1.srcs/sources_1/new/alu.v:35]
INFO: [Synth 8-6155] done synthesizing module 'alu' (0#1) [C:/Users/32530/Desktop/fpga/lab5_1/lab5_1.srcs/sources_1/new/alu.v:26]
INFO: [Synth 8-6157] synthesizing module 'dm' [C:/Users/32530/Desktop/fpga/lab5_1/lab5_1.srcs/sources_1/new/dm.v:29]
INFO: [Synth 8-155] case statement is not full and has no default [C:/Users/32530/Desktop/fpga/lab5_1/lab5_1.srcs/sources_1/new/dm.v:49]
INFO: [Synth 8-6155] done synthesizing module 'dm' (0#1) [C:/Users/32530/Desktop/fpga/lab5_1/lab5_1.srcs/sources_1/new/dm.v:29]
WARNING: [Synth 8-689] width (32) of port connection 'addr' does not match port width (6) of module 'dm' [C:/Users/32530/Desktop/fpga/lab5_1/lab5_1.srcs/sources_1/new/SCPU_TOP.v:280]
INFO: [Synth 8-6085] Hierarchical reference on 'dmem' stops possible memory inference [C:/Users/32530/Desktop/fpga/lab5_1/lab5_1.srcs/sources_1/new/dm.v:39]
WARNING: [Synth 8-6090] variable 'dmem_data' is written by both blocking and non-blocking assignments, entire logic could be removed [C:/Users/32530/Desktop/fpga/lab5_1/lab5_1.srcs/sources_1/new/SCPU_TOP.v:295]
INFO: [Synth 8-6157] synthesizing module 'seg7x16' [C:/Users/32530/Desktop/fpga/lab5_1/lab5_1.srcs/sources_1/new/seg7x16.v:23]
INFO: [Synth 8-6155] done synthesizing module 'seg7x16' (0#1) [C:/Users/32530/Desktop/fpga/lab5_1/lab5_1.srcs/sources_1/new/seg7x16.v:23]
INFO: [Synth 8-6155] done synthesizing module 'SCPU_TOP' (0#1) [C:/Users/32530/Desktop/fpga/lab5_1/lab5_1.srcs/sources_1/new/SCPU_TOP.v:23]
WARNING: [Synth 8-7137] Register reg_data_reg in module SCPU_TOP has both Set and reset with same priority. This may cause simulation mismatches. Consider rewriting code  [C:/Users/32530/Desktop/fpga/lab5_1/lab5_1.srcs/sources_1/new/SCPU_TOP.v:249]
WARNING: [Synth 8-7137] Register alu_disp_data_reg in module SCPU_TOP has both Set and reset with same priority. This may cause simulation mismatches. Consider rewriting code  [C:/Users/32530/Desktop/fpga/lab5_1/lab5_1.srcs/sources_1/new/SCPU_TOP.v:266]
WARNING: [Synth 8-7137] Register dmem_data_reg in module SCPU_TOP has both Set and reset with same priority. This may cause simulation mismatches. Consider rewriting code  [C:/Users/32530/Desktop/fpga/lab5_1/lab5_1.srcs/sources_1/new/SCPU_TOP.v:292]
WARNING: [Synth 8-7129] Port sw_i[15] in module RF is either unconnected or has no load
WARNING: [Synth 8-7129] Port sw_i[14] in module RF is either unconnected or has no load
WARNING: [Synth 8-7129] Port sw_i[13] in module RF is either unconnected or has no load
WARNING: [Synth 8-7129] Port sw_i[12] in module RF is either unconnected or has no load
WARNING: [Synth 8-7129] Port sw_i[11] in module RF is either unconnected or has no load
WARNING: [Synth 8-7129] Port sw_i[10] in module RF is either unconnected or has no load
WARNING: [Synth 8-7129] Port sw_i[9] in module RF is either unconnected or has no load
WARNING: [Synth 8-7129] Port sw_i[8] in module RF is either unconnected or has no load
WARNING: [Synth 8-7129] Port sw_i[7] in module RF is either unconnected or has no load
WARNING: [Synth 8-7129] Port sw_i[6] in module RF is either unconnected or has no load
WARNING: [Synth 8-7129] Port sw_i[5] in module RF is either unconnected or has no load
WARNING: [Synth 8-7129] Port sw_i[4] in module RF is either unconnected or has no load
WARNING: [Synth 8-7129] Port sw_i[3] in module RF is either unconnected or has no load
WARNING: [Synth 8-7129] Port sw_i[2] in module RF is either unconnected or has no load
WARNING: [Synth 8-7129] Port sw_i[1] in module RF is either unconnected or has no load
WARNING: [Synth 8-7129] Port sw_i[0] in module RF is either unconnected or has no load
WARNING: [Synth 8-7129] Port Zero in module ctrl is either unconnected or has no load
---------------------------------------------------------------------------------
Finished RTL Elaboration : Time (s): cpu = 00:00:04 ; elapsed = 00:00:04 . Memory (MB): peak = 1409.984 ; gain = 530.203
---------------------------------------------------------------------------------
---------------------------------------------------------------------------------
Start Handling Custom Attributes
---------------------------------------------------------------------------------
---------------------------------------------------------------------------------
Finished Handling Custom Attributes : Time (s): cpu = 00:00:05 ; elapsed = 00:00:05 . Memory (MB): peak = 1409.984 ; gain = 530.203
---------------------------------------------------------------------------------
---------------------------------------------------------------------------------
Finished RTL Optimization Phase 1 : Time (s): cpu = 00:00:05 ; elapsed = 00:00:05 . Memory (MB): peak = 1409.984 ; gain = 530.203
---------------------------------------------------------------------------------
Netlist sorting complete. Time (s): cpu = 00:00:00 ; elapsed = 00:00:00.019 . Memory (MB): peak = 1409.984 ; gain = 0.000
INFO: [Project 1-570] Preparing netlist for logic optimization

Processing XDC Constraints
Initializing timing engine
Parsing XDC File [c:/Users/32530/Desktop/fpga/lab5_1/lab5_1.gen/sources_1/ip/dist_mem_gen_0/dist_mem_gen_0/dist_mem_gen_0_in_context.xdc] for cell 'rom_u'
Finished Parsing XDC File [c:/Users/32530/Desktop/fpga/lab5_1/lab5_1.gen/sources_1/ip/dist_mem_gen_0/dist_mem_gen_0/dist_mem_gen_0_in_context.xdc] for cell 'rom_u'
Parsing XDC File [C:/Users/32530/Desktop/fpga/icf.xdc]
WARNING: [Vivado 12-507] No nets matched 'sw_i_IBUF[15]'. [C:/Users/32530/Desktop/fpga/icf.xdc:5]
WARNING: [Vivado 12-507] No nets matched 'BTNC_IBUF'. [C:/Users/32530/Desktop/fpga/icf.xdc:6]
WARNING: [Vivado 12-507] No nets matched 'sw_i_IBUF[1]'. [C:/Users/32530/Desktop/fpga/icf.xdc:7]
WARNING: [Vivado 12-584] No ports matched 'led_o[0]'. [C:/Users/32530/Desktop/fpga/icf.xdc:47]
WARNING: [Vivado 12-584] No ports matched 'led_o[1]'. [C:/Users/32530/Desktop/fpga/icf.xdc:48]
WARNING: [Vivado 12-584] No ports matched 'led_o[2]'. [C:/Users/32530/Desktop/fpga/icf.xdc:49]
WARNING: [Vivado 12-584] No ports matched 'led_o[3]'. [C:/Users/32530/Desktop/fpga/icf.xdc:50]
WARNING: [Vivado 12-584] No ports matched 'led_o[4]'. [C:/Users/32530/Desktop/fpga/icf.xdc:51]
WARNING: [Vivado 12-584] No ports matched 'led_o[5]'. [C:/Users/32530/Desktop/fpga/icf.xdc:52]
WARNING: [Vivado 12-584] No ports matched 'led_o[6]'. [C:/Users/32530/Desktop/fpga/icf.xdc:53]
WARNING: [Vivado 12-584] No ports matched 'led_o[7]'. [C:/Users/32530/Desktop/fpga/icf.xdc:54]
WARNING: [Vivado 12-584] No ports matched 'led_o[8]'. [C:/Users/32530/Desktop/fpga/icf.xdc:55]
WARNING: [Vivado 12-584] No ports matched 'led_o[9]'. [C:/Users/32530/Desktop/fpga/icf.xdc:56]
WARNING: [Vivado 12-584] No ports matched 'led_o[10]'. [C:/Users/32530/Desktop/fpga/icf.xdc:57]
WARNING: [Vivado 12-584] No ports matched 'led_o[11]'. [C:/Users/32530/Desktop/fpga/icf.xdc:58]
WARNING: [Vivado 12-584] No ports matched 'led_o[12]'. [C:/Users/32530/Desktop/fpga/icf.xdc:59]
WARNING: [Vivado 12-584] No ports matched 'led_o[13]'. [C:/Users/32530/Desktop/fpga/icf.xdc:60]
WARNING: [Vivado 12-584] No ports matched 'led_o[14]'. [C:/Users/32530/Desktop/fpga/icf.xdc:61]
WARNING: [Vivado 12-584] No ports matched 'led_o[15]'. [C:/Users/32530/Desktop/fpga/icf.xdc:62]
WARNING: [Vivado 12-584] No ports matched 'CPU_RESETN'. [C:/Users/32530/Desktop/fpga/icf.xdc:66]
WARNING: [Vivado 12-584] No ports matched 'BTNC'. [C:/Users/32530/Desktop/fpga/icf.xdc:67]
WARNING: [Vivado 12-584] No ports matched 'BTNU'. [C:/Users/32530/Desktop/fpga/icf.xdc:68]
WARNING: [Vivado 12-584] No ports matched 'BTNL'. [C:/Users/32530/Desktop/fpga/icf.xdc:69]
WARNING: [Vivado 12-584] No ports matched 'BTNR'. [C:/Users/32530/Desktop/fpga/icf.xdc:70]
WARNING: [Vivado 12-584] No ports matched 'BTND'. [C:/Users/32530/Desktop/fpga/icf.xdc:71]
Finished Parsing XDC File [C:/Users/32530/Desktop/fpga/icf.xdc]
WARNING: [Project 1-498] One or more constraints failed evaluation while reading constraint file [C:/Users/32530/Desktop/fpga/icf.xdc] and the design contains unresolved black boxes. These constraints will be read post-synthesis (as long as their source constraint file is marked as used_in_implementation) and should be applied correctly then. You should review the constraints listed in the file [.Xil/SCPU_TOP_propImpl.xdc] and check the run log file to verify that these constraints were correctly applied.
INFO: [Project 1-236] Implementation specific constraints were found while reading constraint file [C:/Users/32530/Desktop/fpga/icf.xdc]. These constraints will be ignored for synthesis but will be used in implementation. Impacted constraints are listed in the file [.Xil/SCPU_TOP_propImpl.xdc].
Resolution: To avoid this warning, move constraints listed in [.Xil/SCPU_TOP_propImpl.xdc] to another XDC file and exclude this new file from synthesis with the used_in_synthesis property (File Properties dialog in GUI) and re-run elaboration/synthesis.
Completed Processing XDC Constraints

Netlist sorting complete. Time (s): cpu = 00:00:00 ; elapsed = 00:00:00 . Memory (MB): peak = 1507.004 ; gain = 0.000
INFO: [Project 1-111] Unisim Transformation Summary:
No Unisim elements were transformed.

Constraint Validation Runtime : Time (s): cpu = 00:00:00 ; elapsed = 00:00:00.010 . Memory (MB): peak = 1507.004 ; gain = 0.000
INFO: [Designutils 20-5440] No compile time benefit to using incremental synthesis; A full resynthesis will be run
INFO: [Designutils 20-4379] Flow is switching to default flow due to incremental criteria not met. If you would like to alter this behaviour and have the flow terminate instead, please set the following parameter config_implementation {autoIncr.Synth.RejectBehavior Terminate}
---------------------------------------------------------------------------------
Finished Constraint Validation : Time (s): cpu = 00:00:09 ; elapsed = 00:00:10 . Memory (MB): peak = 1507.004 ; gain = 627.223
---------------------------------------------------------------------------------
---------------------------------------------------------------------------------
Start Loading Part and Timing Information
---------------------------------------------------------------------------------
Loading part: xc7a100tcsg324-1
---------------------------------------------------------------------------------
Finished Loading Part and Timing Information : Time (s): cpu = 00:00:09 ; elapsed = 00:00:10 . Memory (MB): peak = 1507.004 ; gain = 627.223
---------------------------------------------------------------------------------
---------------------------------------------------------------------------------
Start Applying 'set_property' XDC Constraints
---------------------------------------------------------------------------------
Applied set_property KEEP_HIERARCHY = SOFT for rom_u. (constraint file  auto generated constraint).
---------------------------------------------------------------------------------
Finished applying 'set_property' XDC Constraints : Time (s): cpu = 00:00:09 ; elapsed = 00:00:10 . Memory (MB): peak = 1507.004 ; gain = 627.223
---------------------------------------------------------------------------------
WARNING: [Synth 8-327] inferring latch for variable 'result_reg' [C:/Users/32530/Desktop/fpga/lab5_1/lab5_1.srcs/sources_1/new/alu.v:36]
WARNING: [Synth 8-327] inferring latch for variable 'WD_tmp_reg' [C:/Users/32530/Desktop/fpga/lab5_1/lab5_1.srcs/sources_1/new/SCPU_TOP.v:217]
---------------------------------------------------------------------------------
Finished RTL Optimization Phase 2 : Time (s): cpu = 00:00:10 ; elapsed = 00:00:11 . Memory (MB): peak = 1507.004 ; gain = 627.223
---------------------------------------------------------------------------------
---------------------------------------------------------------------------------
Start RTL Component Statistics 
---------------------------------------------------------------------------------
Detailed RTL Component Info : 
+---Adders : 
	   2 Input   32 Bit       Adders := 1     
	   2 Input   25 Bit       Adders := 1     
	   2 Input    7 Bit       Adders := 3     
	   2 Input    6 Bit       Adders := 2     
	   2 Input    5 Bit       Adders := 2     
	   2 Input    3 Bit       Adders := 1     
	   2 Input    2 Bit       Adders := 1     
+---Registers : 
	               64 Bit    Registers := 2     
	               32 Bit    Registers := 35    
	               25 Bit    Registers := 1     
	                8 Bit    Registers := 33    
	                6 Bit    Registers := 2     
	                5 Bit    Registers := 2     
	                3 Bit    Registers := 1     
	                2 Bit    Registers := 1     
	                1 Bit    Registers := 1     
+---ROMs : 
	                    ROMs := 1     
+---Muxes : 
	   2 Input   64 Bit        Muxes := 1     
	   2 Input   32 Bit        Muxes := 18    
	   4 Input   32 Bit        Muxes := 3     
	   2 Input   25 Bit        Muxes := 1     
	   2 Input    8 Bit        Muxes := 126   
	   4 Input    8 Bit        Muxes := 30    
	   6 Input    8 Bit        Muxes := 2     
	   8 Input    8 Bit        Muxes := 1     
	  18 Input    8 Bit        Muxes := 1     
	   2 Input    6 Bit        Muxes := 1     
	   2 Input    5 Bit        Muxes := 1     
	   6 Input    2 Bit        Muxes := 30    
	   2 Input    1 Bit        Muxes := 6     
	   4 Input    1 Bit        Muxes := 1     
---------------------------------------------------------------------------------
Finished RTL Component Statistics 
---------------------------------------------------------------------------------
---------------------------------------------------------------------------------
Start Part Resource Summary
---------------------------------------------------------------------------------
Part Resources:
DSPs: 240 (col length:80)
BRAMs: 270 (col length: RAMB18 80 RAMB36 40)
---------------------------------------------------------------------------------
Finished Part Resource Summary
---------------------------------------------------------------------------------
---------------------------------------------------------------------------------
Start Cross Boundary and Area Optimization
---------------------------------------------------------------------------------
WARNING: [Synth 8-7080] Parallel synthesis criteria is not met
WARNING: [Synth 8-7129] Port sw_i[15] in module RF is either unconnected or has no load
WARNING: [Synth 8-7129] Port sw_i[14] in module RF is either unconnected or has no load
WARNING: [Synth 8-7129] Port sw_i[13] in module RF is either unconnected or has no load
WARNING: [Synth 8-7129] Port sw_i[12] in module RF is either unconnected or has no load
WARNING: [Synth 8-7129] Port sw_i[11] in module RF is either unconnected or has no load
WARNING: [Synth 8-7129] Port sw_i[10] in module RF is either unconnected or has no load
WARNING: [Synth 8-7129] Port sw_i[9] in module RF is either unconnected or has no load
WARNING: [Synth 8-7129] Port sw_i[8] in module RF is either unconnected or has no load
WARNING: [Synth 8-7129] Port sw_i[7] in module RF is either unconnected or has no load
WARNING: [Synth 8-7129] Port sw_i[6] in module RF is either unconnected or has no load
WARNING: [Synth 8-7129] Port sw_i[5] in module RF is either unconnected or has no load
WARNING: [Synth 8-7129] Port sw_i[4] in module RF is either unconnected or has no load
WARNING: [Synth 8-7129] Port sw_i[3] in module RF is either unconnected or has no load
WARNING: [Synth 8-7129] Port sw_i[2] in module RF is either unconnected or has no load
WARNING: [Synth 8-7129] Port sw_i[1] in module RF is either unconnected or has no load
WARNING: [Synth 8-7129] Port sw_i[0] in module RF is either unconnected or has no load
WARNING: [Synth 8-7129] Port Zero in module ctrl is either unconnected or has no load
WARNING: [Synth 8-3332] Sequential element (result_reg[31]) is unused and will be removed from module alu.
WARNING: [Synth 8-3332] Sequential element (result_reg[30]) is unused and will be removed from module alu.
WARNING: [Synth 8-3332] Sequential element (result_reg[29]) is unused and will be removed from module alu.
WARNING: [Synth 8-3332] Sequential element (result_reg[28]) is unused and will be removed from module alu.
WARNING: [Synth 8-3332] Sequential element (result_reg[27]) is unused and will be removed from module alu.
WARNING: [Synth 8-3332] Sequential element (result_reg[26]) is unused and will be removed from module alu.
WARNING: [Synth 8-3332] Sequential element (result_reg[25]) is unused and will be removed from module alu.
WARNING: [Synth 8-3332] Sequential element (result_reg[24]) is unused and will be removed from module alu.
WARNING: [Synth 8-3332] Sequential element (result_reg[23]) is unused and will be removed from module alu.
WARNING: [Synth 8-3332] Sequential element (result_reg[22]) is unused and will be removed from module alu.
WARNING: [Synth 8-3332] Sequential element (result_reg[21]) is unused and will be removed from module alu.
WARNING: [Synth 8-3332] Sequential element (result_reg[20]) is unused and will be removed from module alu.
WARNING: [Synth 8-3332] Sequential element (result_reg[19]) is unused and will be removed from module alu.
WARNING: [Synth 8-3332] Sequential element (result_reg[18]) is unused and will be removed from module alu.
WARNING: [Synth 8-3332] Sequential element (result_reg[17]) is unused and will be removed from module alu.
WARNING: [Synth 8-3332] Sequential element (result_reg[16]) is unused and will be removed from module alu.
WARNING: [Synth 8-3332] Sequential element (result_reg[15]) is unused and will be removed from module alu.
WARNING: [Synth 8-3332] Sequential element (result_reg[14]) is unused and will be removed from module alu.
WARNING: [Synth 8-3332] Sequential element (result_reg[13]) is unused and will be removed from module alu.
WARNING: [Synth 8-3332] Sequential element (result_reg[12]) is unused and will be removed from module alu.
WARNING: [Synth 8-3332] Sequential element (result_reg[11]) is unused and will be removed from module alu.
WARNING: [Synth 8-3332] Sequential element (result_reg[10]) is unused and will be removed from module alu.
WARNING: [Synth 8-3332] Sequential element (result_reg[9]) is unused and will be removed from module alu.
WARNING: [Synth 8-3332] Sequential element (result_reg[8]) is unused and will be removed from module alu.
WARNING: [Synth 8-3332] Sequential element (result_reg[7]) is unused and will be removed from module alu.
WARNING: [Synth 8-3332] Sequential element (result_reg[6]) is unused and will be removed from module alu.
WARNING: [Synth 8-3332] Sequential element (result_reg[5]) is unused and will be removed from module alu.
WARNING: [Synth 8-3332] Sequential element (result_reg[4]) is unused and will be removed from module alu.
WARNING: [Synth 8-3332] Sequential element (result_reg[3]) is unused and will be removed from module alu.
WARNING: [Synth 8-3332] Sequential element (result_reg[2]) is unused and will be removed from module alu.
WARNING: [Synth 8-3332] Sequential element (result_reg[1]) is unused and will be removed from module alu.
WARNING: [Synth 8-3332] Sequential element (result_reg[0]) is unused and will be removed from module alu.
---------------------------------------------------------------------------------
Finished Cross Boundary and Area Optimization : Time (s): cpu = 00:00:20 ; elapsed = 00:00:21 . Memory (MB): peak = 1507.004 ; gain = 627.223
---------------------------------------------------------------------------------
---------------------------------------------------------------------------------
Start ROM, RAM, DSP, Shift Register and Retiming Reporting
---------------------------------------------------------------------------------

ROM: Preliminary Mapping Report
+------------+-------------------+---------------+----------------+
|Module Name | RTL Object        | Depth x Width | Implemented As | 
+------------+-------------------+---------------+----------------+
|SCPU_TOP    | led_disp_data_reg | 32x64         | Block RAM      | 
+------------+-------------------+---------------+----------------+

---------------------------------------------------------------------------------
Finished ROM, RAM, DSP, Shift Register and Retiming Reporting
---------------------------------------------------------------------------------
---------------------------------------------------------------------------------
Start Applying XDC Timing Constraints
---------------------------------------------------------------------------------
---------------------------------------------------------------------------------
Finished Applying XDC Timing Constraints : Time (s): cpu = 00:00:23 ; elapsed = 00:00:25 . Memory (MB): peak = 1507.004 ; gain = 627.223
---------------------------------------------------------------------------------
---------------------------------------------------------------------------------
Start Timing Optimization
---------------------------------------------------------------------------------
---------------------------------------------------------------------------------
Finished Timing Optimization : Time (s): cpu = 00:00:24 ; elapsed = 00:00:25 . Memory (MB): peak = 1507.004 ; gain = 627.223
---------------------------------------------------------------------------------
---------------------------------------------------------------------------------
Start Technology Mapping
---------------------------------------------------------------------------------
WARNING: [Synth 8-3332] Sequential element (dmem_data_reg[7]_LDC) is unused and will be removed from module SCPU_TOP.
WARNING: [Synth 8-3332] Sequential element (dmem_data_reg[7]_C) is unused and will be removed from module SCPU_TOP.
WARNING: [Synth 8-3332] Sequential element (dmem_data_reg[4]_LDC) is unused and will be removed from module SCPU_TOP.
WARNING: [Synth 8-3332] Sequential element (dmem_data_reg[4]_C) is unused and will be removed from module SCPU_TOP.
WARNING: [Synth 8-3332] Sequential element (dmem_data_reg[3]_LDC) is unused and will be removed from module SCPU_TOP.
WARNING: [Synth 8-3332] Sequential element (dmem_data_reg[3]_C) is unused and will be removed from module SCPU_TOP.
INFO: [Synth 8-7052] The timing for the instance led_disp_data_reg (implemented as a Block RAM) might be sub-optimal as no optional output register could be merged into the ram block. Providing additional output register may help in improving timing.
INFO: [Synth 8-7052] The timing for the instance led_disp_data_reg (implemented as a Block RAM) might be sub-optimal as no optional output register could be merged into the ram block. Providing additional output register may help in improving timing.
---------------------------------------------------------------------------------
Finished Technology Mapping : Time (s): cpu = 00:00:25 ; elapsed = 00:00:27 . Memory (MB): peak = 1515.879 ; gain = 636.098
---------------------------------------------------------------------------------
---------------------------------------------------------------------------------
Start IO Insertion
---------------------------------------------------------------------------------
---------------------------------------------------------------------------------
Start Flattening Before IO Insertion
---------------------------------------------------------------------------------
---------------------------------------------------------------------------------
Finished Flattening Before IO Insertion
---------------------------------------------------------------------------------
---------------------------------------------------------------------------------
Start Final Netlist Cleanup
---------------------------------------------------------------------------------
---------------------------------------------------------------------------------
Finished Final Netlist Cleanup
---------------------------------------------------------------------------------
---------------------------------------------------------------------------------
Finished IO Insertion : Time (s): cpu = 00:00:27 ; elapsed = 00:00:29 . Memory (MB): peak = 1531.480 ; gain = 651.699
---------------------------------------------------------------------------------
---------------------------------------------------------------------------------
Start Renaming Generated Instances
---------------------------------------------------------------------------------
---------------------------------------------------------------------------------
Finished Renaming Generated Instances : Time (s): cpu = 00:00:27 ; elapsed = 00:00:29 . Memory (MB): peak = 1531.480 ; gain = 651.699
---------------------------------------------------------------------------------
---------------------------------------------------------------------------------
Start Rebuilding User Hierarchy
---------------------------------------------------------------------------------
---------------------------------------------------------------------------------
Finished Rebuilding User Hierarchy : Time (s): cpu = 00:00:27 ; elapsed = 00:00:29 . Memory (MB): peak = 1531.480 ; gain = 651.699
---------------------------------------------------------------------------------
---------------------------------------------------------------------------------
Start Renaming Generated Ports
---------------------------------------------------------------------------------
---------------------------------------------------------------------------------
Finished Renaming Generated Ports : Time (s): cpu = 00:00:27 ; elapsed = 00:00:29 . Memory (MB): peak = 1531.480 ; gain = 651.699
---------------------------------------------------------------------------------
---------------------------------------------------------------------------------
Start Handling Custom Attributes
---------------------------------------------------------------------------------
---------------------------------------------------------------------------------
Finished Handling Custom Attributes : Time (s): cpu = 00:00:27 ; elapsed = 00:00:29 . Memory (MB): peak = 1531.480 ; gain = 651.699
---------------------------------------------------------------------------------
---------------------------------------------------------------------------------
Start Renaming Generated Nets
---------------------------------------------------------------------------------
---------------------------------------------------------------------------------
Finished Renaming Generated Nets : Time (s): cpu = 00:00:27 ; elapsed = 00:00:30 . Memory (MB): peak = 1531.480 ; gain = 651.699
---------------------------------------------------------------------------------
---------------------------------------------------------------------------------
Start Writing Synthesis Report
---------------------------------------------------------------------------------

Report BlackBoxes: 
+------+---------------+----------+
|      |BlackBox name  |Instances |
+------+---------------+----------+
|1     |dist_mem_gen_0 |         1|
+------+---------------+----------+

Report Cell Usage: 
+------+-------------+------+
|      |Cell         |Count |
+------+-------------+------+
|1     |dist_mem_gen |     1|
|2     |BUFG         |     4|
|3     |CARRY4       |    25|
|4     |LUT1         |    10|
|5     |LUT2         |    76|
|6     |LUT3         |   438|
|7     |LUT4         |   410|
|8     |LUT5         |   322|
|9     |LUT6         |  2733|
|10    |MUXF7        |   504|
|11    |MUXF8        |    74|
|12    |RAMB36E1     |     1|
|13    |FDCE         |  1367|
|14    |FDPE         |    88|
|15    |FDRE         |    77|
|16    |LD           |    32|
|17    |LDC          |     5|
|18    |IBUF         |     9|
|19    |OBUF         |    16|
+------+-------------+------+
---------------------------------------------------------------------------------
Finished Writing Synthesis Report : Time (s): cpu = 00:00:27 ; elapsed = 00:00:30 . Memory (MB): peak = 1531.480 ; gain = 651.699
---------------------------------------------------------------------------------
Synthesis finished with 0 errors, 0 critical warnings and 58 warnings.
Synthesis Optimization Runtime : Time (s): cpu = 00:00:22 ; elapsed = 00:00:28 . Memory (MB): peak = 1531.480 ; gain = 554.680
Synthesis Optimization Complete : Time (s): cpu = 00:00:28 ; elapsed = 00:00:30 . Memory (MB): peak = 1531.480 ; gain = 651.699
INFO: [Project 1-571] Translating synthesized netlist
Netlist sorting complete. Time (s): cpu = 00:00:00 ; elapsed = 00:00:00.025 . Memory (MB): peak = 1543.543 ; gain = 0.000
INFO: [Netlist 29-17] Analyzing 641 Unisim elements for replacement
INFO: [Netlist 29-28] Unisim Transformation completed in 0 CPU seconds
INFO: [Project 1-570] Preparing netlist for logic optimization
INFO: [Opt 31-138] Pushed 1 inverter(s) to 32 load pin(s).
Netlist sorting complete. Time (s): cpu = 00:00:00 ; elapsed = 00:00:00.001 . Memory (MB): peak = 1547.387 ; gain = 0.000
INFO: [Project 1-111] Unisim Transformation Summary:
  A total of 37 instances were transformed.
  LD => LDCE (inverted pins: G): 32 instances
  LDC => LDCE: 5 instances

Synth Design complete | Checksum: e8de4ed6
INFO: [Common 17-83] Releasing license: Synthesis
44 Infos, 113 Warnings, 0 Critical Warnings and 0 Errors encountered.
synth_design completed successfully
synth_design: Time (s): cpu = 00:00:31 ; elapsed = 00:00:34 . Memory (MB): peak = 1547.387 ; gain = 1065.828
INFO: [Common 17-1381] The checkpoint 'C:/Users/32530/Desktop/fpga/lab5_1/lab5_1.runs/synth_1/SCPU_TOP.dcp' has been generated.
INFO: [runtcl-4] Executing : report_utilization -file SCPU_TOP_utilization_synth.rpt -pb SCPU_TOP_utilization_synth.pb
INFO: [Common 17-206] Exiting Vivado at Sun Nov 30 23:11:24 2025...
